<?xml version="1.0" encoding="UTF-8"?>
<testsuite name="mains.CounterTest" tests="2" skipped="0" failures="0" errors="0" timestamp="2022-04-14T11:28:23" hostname="HOME-PC" time="0.027">
  <properties/>
  <testcase name="testReset()" classname="mains.CounterTest" time="0.025"/>
  <testcase name="testConstructor()" classname="mains.CounterTest" time="0.001"/>
  <system-out><![CDATA[]]></system-out>
  <system-err><![CDATA[]]></system-err>
</testsuite>
